<?xml version="1.0" encoding="UTF-8"?>
<testng-results ignored="0" total="1" passed="0" failed="1" skipped="0">
  <reporter-output>
  </reporter-output>
  <suite started-at="2022-01-01T11:34:19 IST" name="Default suite" finished-at="2022-01-01T11:35:08 IST" duration-ms="49008">
    <groups>
    </groups>
    <test started-at="2022-01-01T11:34:19 IST" name="Default test" finished-at="2022-01-01T11:35:08 IST" duration-ms="49008">
      <class name="com.orangehrm.hybridframe_2021.testCases.LoginTC_01">
        <test-method is-config="true" signature="init()[pri:0, instance:com.orangehrm.hybridframe_2021.testCases.LoginTC_01@39529185]" started-at="2022-01-01T11:34:18 IST" name="init" finished-at="2022-01-01T11:34:19 IST" duration-ms="1301" status="PASS">
          <reporter-output>
          </reporter-output>
        </test-method> <!-- init -->
        <test-method is-config="true" signature="setUP(java.lang.String)[pri:0, instance:com.orangehrm.hybridframe_2021.testCases.LoginTC_01@39529185]" started-at="2022-01-01T11:34:19 IST" name="setUP" finished-at="2022-01-01T11:34:56 IST" duration-ms="37010" status="PASS">
          <params>
            <param index="0">
              <value>
                <![CDATA[Chrome]]>
              </value>
            </param>
          </params>
          <reporter-output>
          </reporter-output>
        </test-method> <!-- setUP -->
        <test-method signature="loginToOrangeHrmTC002()[pri:0, instance:com.orangehrm.hybridframe_2021.testCases.LoginTC_01@39529185]" started-at="2022-01-01T11:34:56 IST" name="loginToOrangeHrmTC002" finished-at="2022-01-01T11:35:02 IST" duration-ms="6325" status="FAIL">
          <exception class="java.lang.AssertionError">
            <message>
              <![CDATA[Invalid credentials expected [true] but found [false]]]>
            </message>
            <full-stacktrace>
              <![CDATA[java.lang.AssertionError: Invalid credentials expected [true] but found [false]
at org.testng.Assert.fail(Assert.java:97)
at org.testng.Assert.failNotEquals(Assert.java:969)
at org.testng.Assert.assertTrue(Assert.java:43)
at com.orangehrm.hybridframe_2021.testCases.LoginTC_01.loginToOrangeHrmTC002(LoginTC_01.java:67)
at java.base/jdk.internal.reflect.NativeMethodAccessorImpl.invoke0(Native Method)
at java.base/jdk.internal.reflect.NativeMethodAccessorImpl.invoke(NativeMethodAccessorImpl.java:77)
at java.base/jdk.internal.reflect.DelegatingMethodAccessorImpl.invoke(DelegatingMethodAccessorImpl.java:43)
at java.base/java.lang.reflect.Method.invoke(Method.java:568)
at org.testng.internal.MethodInvocationHelper.invokeMethod(MethodInvocationHelper.java:134)
at org.testng.internal.TestInvoker.invokeMethod(TestInvoker.java:597)
at org.testng.internal.TestInvoker.invokeTestMethod(TestInvoker.java:173)
at org.testng.internal.MethodRunner.runInSequence(MethodRunner.java:46)
at org.testng.internal.TestInvoker$MethodInvocationAgent.invoke(TestInvoker.java:816)
at org.testng.internal.TestInvoker.invokeTestMethods(TestInvoker.java:146)
at org.testng.internal.TestMethodWorker.invokeTestMethods(TestMethodWorker.java:146)
at org.testng.internal.TestMethodWorker.run(TestMethodWorker.java:128)
at java.base/java.util.ArrayList.forEach(ArrayList.java:1511)
at org.testng.TestRunner.privateRun(TestRunner.java:766)
at org.testng.TestRunner.run(TestRunner.java:587)
at org.testng.SuiteRunner.runTest(SuiteRunner.java:384)
at org.testng.SuiteRunner.runSequentially(SuiteRunner.java:378)
at org.testng.SuiteRunner.privateRun(SuiteRunner.java:337)
at org.testng.SuiteRunner.run(SuiteRunner.java:286)
at org.testng.SuiteRunnerWorker.runSuite(SuiteRunnerWorker.java:53)
at org.testng.SuiteRunnerWorker.run(SuiteRunnerWorker.java:96)
at org.testng.TestNG.runSuitesSequentially(TestNG.java:1187)
at org.testng.TestNG.runSuitesLocally(TestNG.java:1109)
at org.testng.TestNG.runSuites(TestNG.java:1039)
at org.testng.TestNG.run(TestNG.java:1007)
at org.testng.remote.AbstractRemoteTestNG.run(AbstractRemoteTestNG.java:115)
at org.testng.remote.RemoteTestNG.initAndRun(RemoteTestNG.java:251)
at org.testng.remote.RemoteTestNG.main(RemoteTestNG.java:77)
]]>
            </full-stacktrace>
          </exception> <!-- java.lang.AssertionError -->
          <reporter-output>
          </reporter-output>
        </test-method> <!-- loginToOrangeHrmTC002 -->
        <test-method is-config="true" signature="tearDown(org.testng.ITestResult)[pri:0, instance:com.orangehrm.hybridframe_2021.testCases.LoginTC_01@39529185]" started-at="2022-01-01T11:35:03 IST" name="tearDown" finished-at="2022-01-01T11:35:03 IST" duration-ms="565" status="PASS">
          <params>
            <param index="0">
              <value>
                <![CDATA[[TestResult name=loginToOrangeHrmTC002 status=FAILURE method=LoginTC_01.loginToOrangeHrmTC002()[pri:0, instance:com.orangehrm.hybridframe_2021.testCases.LoginTC_01@39529185] output={null}]]]>
              </value>
            </param>
          </params>
          <reporter-output>
          </reporter-output>
        </test-method> <!-- tearDown -->
        <test-method is-config="true" signature="flushReports()[pri:0, instance:com.orangehrm.hybridframe_2021.testCases.LoginTC_01@39529185]" started-at="2022-01-01T11:35:03 IST" name="flushReports" finished-at="2022-01-01T11:35:08 IST" duration-ms="4852" status="PASS">
          <reporter-output>
          </reporter-output>
        </test-method> <!-- flushReports -->
      </class> <!-- com.orangehrm.hybridframe_2021.testCases.LoginTC_01 -->
    </test> <!-- Default test -->
  </suite> <!-- Default suite -->
</testng-results>
